2023-08-07 22:30:17,112 [ERROR]: Error fetching data from the web site. Pleas check your internet connection.
2023-08-07 22:30:26,403 [ERROR]: Error fetching data from the web site. Pleas check your internet connection.
2023-08-14 19:13:34,772 [INFO]: Successfully fetched words from the website.
2023-08-14 19:17:30,657 [INFO]: Successfully fetched words from the website.
2023-08-14 19:18:01,443 [INFO]: Successfully fetched words from the website.
2023-08-14 19:18:52,062 [INFO]: Successfully fetched words from the website, https://random-word-api.herokuapp.com/word.
2023-08-14 19:20:09,415 [INFO]: Successfully fetched words from the website, https://random-word-api.herokuapp.com/word.
2023-08-14 20:04:10,915 [INFO]: Successfully fetched words from the website, https://random-word-api.herokuapp.com/word.
2023-08-14 20:15:11,118 [INFO]: Successfully fetched words from the website, https://random-word-api.herokuapp.com/word.
2023-08-14 20:17:37,455 [INFO]: Successfully fetched words from the website, https://random-word-api.herokuapp.com/word.
2023-08-14 20:20:53,179 [INFO]: Successfully fetched words from the website, https://random-word-api.herokuapp.com/word.
2023-08-14 20:23:54,686 [INFO]: Successfully fetched words from the website, https://random-word-api.herokuapp.com/word.
2023-08-14 20:30:42,486 [INFO]: Successfully fetched words from the website, https://random-word-api.herokuapp.com/word.
2023-08-14 20:32:02,777 [INFO]: Successfully fetched words from the website, https://random-word-api.herokuapp.com/word.
2023-08-14 20:32:25,872 [INFO]: User alredy exists with the same email. Returning existing ID.
2023-08-14 20:33:48,289 [INFO]: Successfully fetched words from the website, https://random-word-api.herokuapp.com/word.
2023-08-14 20:34:26,324 [INFO]: User alredy exists with the same email. Returning existing ID.
2023-08-14 20:37:31,239 [INFO]: Successfully fetched words from the website, https://random-word-api.herokuapp.com/word.
2023-08-14 20:37:45,546 [INFO]: User alredy exists with the same email. Returning existing ID.
2023-08-14 20:38:43,555 [INFO]: Successfully fetched words from the website, https://random-word-api.herokuapp.com/word.
2023-08-14 20:38:47,499 [INFO]: User alredy exists with the same email. Returning existing ID.
2023-08-14 20:39:46,359 [INFO]: Successfully fetched words from the website, https://random-word-api.herokuapp.com/word.
2023-08-14 20:39:47,884 [INFO]: User alredy exists with the same email. Returning existing ID.
2023-08-14 20:40:34,207 [INFO]: Successfully fetched words from the website, https://random-word-api.herokuapp.com/word.
2023-08-14 20:40:35,350 [INFO]: User alredy exists with the same email. Returning existing ID.
2023-08-14 20:42:42,666 [INFO]: Successfully fetched words from the website, https://random-word-api.herokuapp.com/word.
2023-08-14 20:42:44,505 [INFO]: User alredy exists with the same email. Returning existing ID.
2023-08-14 20:43:36,628 [INFO]: Successfully fetched words from the website, https://random-word-api.herokuapp.com/word.
2023-08-14 20:43:38,043 [INFO]: User alredy exists with the same email. Returning existing ID.
2023-08-14 20:44:46,782 [INFO]: Successfully fetched words from the website, https://random-word-api.herokuapp.com/word.
2023-08-14 20:44:48,693 [INFO]: User alredy exists with the same email. Returning existing ID.
2023-08-14 20:47:10,887 [INFO]: Successfully fetched words from the website, https://random-word-api.herokuapp.com/word.
2023-08-14 20:47:13,169 [INFO]: User alredy exists with the same email. Returning existing ID.
2023-08-14 21:46:11,967 [INFO]: Successfully fetched words from the website, https://random-word-api.herokuapp.com/word.
2023-08-14 21:46:16,397 [INFO]: User alredy exists with the same email. Returning existing ID.
2023-08-14 21:51:24,093 [INFO]: Successfully fetched words from the website, https://random-word-api.herokuapp.com/word.
2023-08-14 21:51:26,208 [INFO]: User alredy exists with the same email. Returning existing ID.
2023-08-14 21:54:42,268 [INFO]: Successfully fetched words from the website, https://random-word-api.herokuapp.com/word.
2023-08-14 21:54:44,357 [INFO]: User alredy exists with the same email. Returning existing ID.
2023-08-14 22:06:27,695 [INFO]: Successfully fetched words from the website, https://random-word-api.herokuapp.com/word.
2023-08-14 22:06:31,160 [INFO]: User alredy exists with the same email. Returning existing ID.
2023-08-14 22:24:53,597 [INFO]: Successfully fetched words from the website, https://random-word-api.herokuapp.com/word.
2023-08-14 22:24:56,944 [INFO]: User alredy exists with the same email. Returning existing ID.
2023-08-14 22:27:14,096 [INFO]: Successfully fetched words from the website, https://random-word-api.herokuapp.com/word.
2023-08-14 22:27:16,668 [INFO]: User alredy exists with the same email. Returning existing ID.
2023-08-14 22:30:29,226 [INFO]: Successfully fetched words from the website, https://random-word-api.herokuapp.com/word.
2023-08-14 22:30:38,442 [INFO]: User alredy exists with the same email. Returning existing ID.
2023-08-14 22:38:37,917 [INFO]: Successfully fetched words from the website, https://random-word-api.herokuapp.com/word.
2023-08-14 22:39:26,566 [INFO]: Successfully fetched words from the website, https://random-word-api.herokuapp.com/word.
2023-08-14 22:39:40,561 [INFO]: User alredy exists with the same email. Returning existing ID.
2023-08-14 22:39:46,410 [INFO]: Successfully fetched words from the website, https://random-word-api.herokuapp.com/word.
2023-08-14 22:41:09,267 [INFO]: Successfully fetched words from the website, https://random-word-api.herokuapp.com/word.
2023-08-14 22:49:17,965 [INFO]: Successfully fetched words from the website, https://random-word-api.herokuapp.com/word.
2023-08-14 22:50:12,836 [INFO]: Successfully fetched words from the website, https://random-word-api.herokuapp.com/word.
2023-08-14 22:50:29,758 [INFO]: Successfully fetched words from the website, https://random-word-api.herokuapp.com/word.
2023-08-14 22:54:06,974 [INFO]: Successfully fetched words from the website, https://random-word-api.herokuapp.com/word.
2023-08-14 22:54:32,754 [INFO]: User alredy exists with the same email. Returning existing ID.
2023-08-14 22:55:36,012 [INFO]: Successfully fetched words from the website, https://random-word-api.herokuapp.com/word.
2023-08-14 22:59:27,181 [INFO]: Successfully fetched words from the website, https://random-word-api.herokuapp.com/word.
2023-08-14 22:59:30,707 [INFO]: User alredy exists with the same email. Returning existing ID.
2023-08-15 13:44:31,073 [INFO]: Successfully fetched words from the website, https://random-word-api.herokuapp.com/word.
2023-08-17 19:56:17,123 [INFO]: Successfully fetched words from the website, https://random-word-api.herokuapp.com/word.
2023-08-17 20:02:13,733 [INFO]: Successfully fetched words from the website, https://random-word-api.herokuapp.com/word.
2023-08-17 20:02:28,389 [INFO]: User alredy exists with the same email. Returning existing ID.
2023-08-17 20:05:10,068 [INFO]: Successfully fetched words from the website, https://random-word-api.herokuapp.com/word.
2023-08-17 20:05:25,210 [INFO]: User alredy exists with the same email. Returning existing ID.
2023-08-17 20:07:59,689 [INFO]: Successfully fetched words from the website, https://random-word-api.herokuapp.com/word.
2023-08-17 20:08:16,030 [INFO]: User alredy exists with the same email. Returning existing ID.
2023-08-17 20:12:58,565 [INFO]: Successfully fetched words from the website, https://random-word-api.herokuapp.com/word.
2023-08-17 20:13:06,493 [INFO]: User alredy exists with the same email. Returning existing ID.
2023-08-17 20:14:53,997 [INFO]: Successfully fetched words from the website, https://random-word-api.herokuapp.com/word.
2023-08-17 20:15:03,258 [INFO]: User alredy exists with the same email. Returning existing ID.
2023-08-17 20:18:03,281 [INFO]: Successfully fetched words from the website, https://random-word-api.herokuapp.com/word.
2023-08-17 20:18:19,071 [INFO]: User alredy exists with the same email. Returning existing ID.
2023-08-17 20:19:11,956 [INFO]: Successfully fetched words from the website, https://random-word-api.herokuapp.com/word.
2023-08-17 20:21:11,413 [INFO]: Successfully fetched words from the website, https://random-word-api.herokuapp.com/word.
2023-08-17 20:21:11,418 [INFO]: User alredy exists with the same email. Returning existing ID.
2023-08-21 18:40:29,761 [ERROR]: Error fetching data from the web site. Pleas check your internet connection.
2023-08-21 18:40:49,048 [ERROR]: Error fetching data from the web site. Pleas check your internet connection.
2023-08-21 18:41:11,910 [INFO]: Successfully fetched words from the website, https://random-word-api.herokuapp.com/word.
2023-08-21 18:45:59,487 [INFO]: Successfully fetched words from the website, https://random-word-api.herokuapp.com/word.
2023-08-21 18:46:35,209 [INFO]: User alredy exists with the same email. Returning existing ID.
2023-08-21 18:51:55,033 [INFO]: Successfully fetched words from the website, https://random-word-api.herokuapp.com/word.
2023-08-21 18:52:03,466 [INFO]: User alredy exists with the same email. Returning existing ID.
2023-08-21 18:52:13,169 [INFO]: Successfully fetched words from the website, https://random-word-api.herokuapp.com/word.
2023-08-21 19:02:04,561 [INFO]: Successfully fetched words from the website, https://random-word-api.herokuapp.com/word.
2023-08-21 19:02:10,595 [INFO]: User alredy exists with the same email. Returning existing ID.
2023-08-21 19:06:28,175 [INFO]: Successfully fetched words from the website, https://random-word-api.herokuapp.com/word.
2023-08-21 19:06:30,042 [INFO]: User alredy exists with the same email. Returning existing ID.
2023-08-21 19:07:01,810 [INFO]: Successfully fetched words from the website, https://random-word-api.herokuapp.com/word.
2023-08-21 19:07:03,124 [INFO]: User alredy exists with the same email. Returning existing ID.
2023-08-21 19:07:03,124 [INFO]: User alredy exists with the same email. Returning existing ID.
2023-08-21 19:11:22,204 [INFO]: Successfully fetched words from the website, https://random-word-api.herokuapp.com/word.
2023-08-21 19:11:29,336 [INFO]: User alredy exists with the same email. Returning existing ID.
2023-08-21 19:12:31,310 [INFO]: Successfully fetched words from the website, https://random-word-api.herokuapp.com/word.
2023-08-21 19:12:34,296 [INFO]: User alredy exists with the same email. Returning existing ID.
2023-08-21 19:13:20,240 [INFO]: Successfully fetched words from the website, https://random-word-api.herokuapp.com/word.
2023-08-21 19:13:22,731 [INFO]: User alredy exists with the same email. Returning existing ID.
2023-08-21 19:19:42,448 [INFO]: Successfully fetched words from the website, https://random-word-api.herokuapp.com/word.
2023-08-21 19:20:00,791 [INFO]: User alredy exists with the same email. Returning existing ID.
2023-08-21 19:21:40,322 [INFO]: Successfully fetched words from the website, https://random-word-api.herokuapp.com/word.
2023-08-21 19:22:03,674 [INFO]: User alredy exists with the same email. Returning existing ID.
2023-08-21 19:31:06,992 [INFO]: Successfully fetched words from the website, https://random-word-api.herokuapp.com/word.
2023-08-21 19:33:47,069 [INFO]: Successfully fetched words from the website, https://random-word-api.herokuapp.com/word.
2023-08-21 19:33:56,182 [INFO]: Successfully fetched words from the website, https://random-word-api.herokuapp.com/word.
2023-08-21 19:34:28,562 [INFO]: User alredy exists with the same email. Returning existing ID.
2023-08-21 19:34:28,563 [INFO]: User alredy exists with the same email. Returning existing ID.
2023-08-21 19:36:12,237 [INFO]: Successfully fetched words from the website, https://random-word-api.herokuapp.com/word.
2023-08-21 19:36:32,877 [INFO]: User alredy exists with the same email. Returning existing ID.
2023-08-21 19:36:32,877 [INFO]: User alredy exists with the same email. Returning existing ID.
2023-08-21 19:38:42,197 [INFO]: Successfully fetched words from the website, https://random-word-api.herokuapp.com/word.
2023-08-21 19:38:49,017 [INFO]: User alredy exists with the same email. Returning existing ID.
2023-08-21 19:38:49,018 [INFO]: User alredy exists with the same email. Returning existing ID.
2023-08-21 20:21:17,248 [ERROR]: Error fetching data from the web site. Pleas check your internet connection.
2023-08-21 20:27:28,976 [ERROR]: Error fetching data from the web site. Pleas check your internet connection.
2023-08-21 20:27:58,307 [ERROR]: Error fetching data from the web site. Pleas check your internet connection.
2023-08-21 20:31:23,525 [INFO]: Successfully fetched words from the website, https://random-word-api.herokuapp.com/word.
2023-08-21 20:33:02,567 [INFO]: User alredy exists with the same email. Returning existing ID.
2023-08-21 20:45:20,408 [INFO]: Successfully fetched words from the website, https://random-word-api.herokuapp.com/word.
2023-08-21 20:45:55,901 [INFO]: User alredy exists with the same email. Returning existing ID.
2023-08-21 20:49:57,282 [INFO]: Successfully fetched words from the website, https://random-word-api.herokuapp.com/word.
2023-08-21 20:50:12,686 [INFO]: User alredy exists with the same email. Returning existing ID.
2023-08-21 20:50:12,686 [INFO]: User alredy exists with the same email. Returning existing ID.
2023-08-21 20:56:23,910 [INFO]: Successfully fetched words from the website, https://random-word-api.herokuapp.com/word.
2023-08-21 20:56:52,322 [INFO]: User alredy exists with the same email. Returning existing ID.
2023-08-21 20:56:52,322 [INFO]: User alredy exists with the same email. Returning existing ID.
2023-08-21 21:10:13,729 [INFO]: Successfully fetched words from the website, https://random-word-api.herokuapp.com/word.
2023-08-21 21:10:23,056 [INFO]: User alredy exists with the same email. Returning existing ID.
2023-08-21 21:10:23,056 [INFO]: User alredy exists with the same email. Returning existing ID.
2023-08-21 21:14:19,901 [INFO]: Successfully fetched words from the website, https://random-word-api.herokuapp.com/word.
2023-08-21 21:14:26,367 [INFO]: User alredy exists with the same email. Returning existing ID.
2023-08-21 21:14:26,367 [INFO]: User alredy exists with the same email. Returning existing ID.
2023-08-21 21:15:08,911 [INFO]: Successfully fetched words from the website, https://random-word-api.herokuapp.com/word.
2023-08-21 21:15:14,585 [INFO]: User alredy exists with the same email. Returning existing ID.
2023-08-21 21:15:14,585 [INFO]: User alredy exists with the same email. Returning existing ID.
2023-08-21 21:17:14,882 [INFO]: Successfully fetched words from the website, https://random-word-api.herokuapp.com/word.
2023-08-21 21:17:18,660 [INFO]: User alredy exists with the same email. Returning existing ID.
2023-08-21 21:17:18,660 [INFO]: User alredy exists with the same email. Returning existing ID.
2023-08-21 21:41:22,913 [INFO]: Successfully fetched words from the website, https://random-word-api.herokuapp.com/word.
2023-08-21 21:41:59,415 [INFO]: User alredy exists with the same email. Returning existing ID.
2023-08-21 21:41:59,415 [INFO]: User alredy exists with the same email. Returning existing ID.
2023-08-22 19:34:27,172 [INFO]: Successfully fetched words from the website, https://random-word-api.herokuapp.com/word.
2023-08-22 19:35:48,859 [INFO]: Successfully fetched words from the website, https://random-word-api.herokuapp.com/word.
2023-08-22 19:36:06,327 [INFO]: Successfully fetched words from the website, https://random-word-api.herokuapp.com/word.
2023-08-22 19:36:55,404 [INFO]: Successfully fetched words from the website, https://random-word-api.herokuapp.com/word.
2023-08-22 19:37:40,960 [INFO]: Successfully fetched words from the website, https://random-word-api.herokuapp.com/word.
2023-08-22 22:03:48,151 [INFO]: Successfully fetched words from the website, https://random-word-api.herokuapp.com/word.
2023-08-22 22:04:21,035 [INFO]: User alredy exists with the same email. Returning existing ID.
2023-08-22 22:04:21,035 [INFO]: User alredy exists with the same email. Returning existing ID.
2023-08-23 18:28:21,768 [INFO]: Successfully fetched words from the website, https://random-word-api.herokuapp.com/word.
2023-08-23 18:28:28,115 [INFO]: User alredy exists with the same email. Returning existing ID.
2023-08-23 18:28:28,115 [INFO]: User alredy exists with the same email. Returning existing ID.
2023-08-23 18:34:42,561 [INFO]: Successfully fetched words from the website, https://random-word-api.herokuapp.com/word.
2023-08-23 18:34:47,037 [INFO]: User alredy exists with the same email. Returning existing ID.
2023-08-23 18:34:47,037 [INFO]: User alredy exists with the same email. Returning existing ID.
2023-08-23 18:41:00,590 [INFO]: Successfully fetched words from the website, https://random-word-api.herokuapp.com/word.
2023-08-23 18:41:33,560 [INFO]: User alredy exists with the same email. Returning existing ID.
2023-08-23 18:41:33,560 [INFO]: User alredy exists with the same email. Returning existing ID.
2023-08-23 18:42:21,080 [INFO]: Successfully fetched words from the website, https://random-word-api.herokuapp.com/word.
2023-08-23 18:45:22,430 [INFO]: Successfully fetched words from the website, https://random-word-api.herokuapp.com/word.
2023-08-23 18:45:32,973 [INFO]: User alredy exists with the same email. Returning existing ID.
2023-08-23 18:45:32,974 [INFO]: User alredy exists with the same email. Returning existing ID.
2023-08-23 18:46:07,517 [INFO]: Successfully fetched words from the website, https://random-word-api.herokuapp.com/word.
2023-08-23 18:46:17,239 [INFO]: User alredy exists with the same email. Returning existing ID.
2023-08-23 18:46:17,239 [INFO]: User alredy exists with the same email. Returning existing ID.
2023-08-23 18:50:55,109 [INFO]: Successfully fetched words from the website, https://random-word-api.herokuapp.com/word.
2023-08-23 18:51:20,709 [INFO]: User alredy exists with the same email. Returning existing ID.
2023-08-23 19:03:01,539 [INFO]: Successfully fetched words from the website, https://random-word-api.herokuapp.com/word.
2023-08-23 19:03:21,690 [INFO]: User alredy exists with the same email. Returning existing ID.
2023-08-23 19:03:21,690 [INFO]: User alredy exists with the same email. Returning existing ID.
2023-08-23 19:05:43,981 [INFO]: Successfully fetched words from the website, https://random-word-api.herokuapp.com/word.
2023-08-23 19:05:54,382 [INFO]: User alredy exists with the same email. Returning existing ID.
2023-08-23 19:05:54,382 [INFO]: User alredy exists with the same email. Returning existing ID.
2023-08-23 19:11:10,655 [INFO]: Successfully fetched words from the website, https://random-word-api.herokuapp.com/word.
2023-08-23 19:11:16,715 [INFO]: Successfully fetched words from the website, https://random-word-api.herokuapp.com/word.
2023-08-23 19:11:26,119 [INFO]: User alredy exists with the same email. Returning existing ID.
2023-08-23 19:11:26,119 [INFO]: User alredy exists with the same email. Returning existing ID.
2023-08-23 19:12:39,655 [INFO]: Successfully fetched words from the website, https://random-word-api.herokuapp.com/word.
2023-08-23 19:12:56,081 [INFO]: User alredy exists with the same email. Returning existing ID.
2023-08-23 19:12:56,081 [INFO]: User alredy exists with the same email. Returning existing ID.
2023-08-23 19:17:28,052 [INFO]: Successfully fetched words from the website, https://random-word-api.herokuapp.com/word.
2023-08-23 19:17:40,857 [INFO]: User alredy exists with the same email. Returning existing ID.
2023-08-23 19:17:40,857 [INFO]: User alredy exists with the same email. Returning existing ID.
2023-08-23 19:23:05,680 [INFO]: Successfully fetched words from the website, https://random-word-api.herokuapp.com/word.
2023-08-23 19:23:15,706 [INFO]: User alredy exists with the same email. Returning existing ID.
2023-08-23 19:23:15,706 [INFO]: User alredy exists with the same email. Returning existing ID.
2023-08-23 19:29:53,926 [INFO]: Successfully fetched words from the website, https://random-word-api.herokuapp.com/word.
2023-08-23 19:30:05,516 [INFO]: User alredy exists with the same email. Returning existing ID.
2023-08-23 19:30:05,516 [INFO]: User alredy exists with the same email. Returning existing ID.
2023-08-23 19:31:22,219 [INFO]: Successfully fetched words from the website, https://random-word-api.herokuapp.com/word.
2023-08-23 19:31:30,518 [INFO]: User alredy exists with the same email. Returning existing ID.
2023-08-23 19:31:30,518 [INFO]: User alredy exists with the same email. Returning existing ID.
2023-08-23 19:35:35,589 [INFO]: Successfully fetched words from the website, https://random-word-api.herokuapp.com/word.
2023-08-23 19:35:43,629 [INFO]: User alredy exists with the same email. Returning existing ID.
2023-08-23 19:35:43,629 [INFO]: User alredy exists with the same email. Returning existing ID.
2023-08-23 19:40:40,678 [INFO]: Successfully fetched words from the website, https://random-word-api.herokuapp.com/word.
2023-08-23 19:40:50,420 [INFO]: User alredy exists with the same email. Returning existing ID.
2023-08-23 20:09:04,367 [INFO]: Successfully fetched words from the website, https://random-word-api.herokuapp.com/word.
2023-08-23 20:09:14,553 [INFO]: User alredy exists with the same email. Returning existing ID.
2023-08-23 20:11:33,546 [INFO]: Successfully fetched words from the website, https://random-word-api.herokuapp.com/word.
2023-08-23 20:19:56,727 [INFO]: Successfully fetched words from the website, https://random-word-api.herokuapp.com/word.
2023-08-23 20:32:05,263 [INFO]: Successfully fetched words from the website, https://random-word-api.herokuapp.com/word.
2023-08-23 20:32:08,470 [INFO]: User alredy exists with the same email. Returning existing ID.
2023-08-23 20:43:26,319 [INFO]: Successfully fetched words from the website, https://random-word-api.herokuapp.com/word.
2023-08-23 20:45:38,990 [INFO]: Successfully fetched words from the website, https://random-word-api.herokuapp.com/word.
2023-08-23 20:45:40,860 [INFO]: User alredy exists with the same email. Returning existing ID.
2023-08-23 20:52:39,808 [INFO]: Successfully fetched words from the website, https://random-word-api.herokuapp.com/word.
2023-08-23 20:52:42,094 [INFO]: User alredy exists with the same email. Returning existing ID.
2023-08-23 20:55:47,490 [INFO]: Successfully fetched words from the website, https://random-word-api.herokuapp.com/word.
2023-08-23 20:55:51,571 [INFO]: User alredy exists with the same email. Returning existing ID.
2023-08-23 21:02:55,975 [INFO]: Successfully fetched words from the website, https://random-word-api.herokuapp.com/word.
2023-08-23 21:02:57,662 [INFO]: User alredy exists with the same email. Returning existing ID.
2023-08-23 21:09:53,724 [INFO]: Successfully fetched words from the website, https://random-word-api.herokuapp.com/word.
2023-08-23 21:09:55,250 [INFO]: User alredy exists with the same email. Returning existing ID.
2023-08-23 21:14:45,828 [INFO]: Successfully fetched words from the website, https://random-word-api.herokuapp.com/word.
2023-08-23 21:14:47,625 [INFO]: User alredy exists with the same email. Returning existing ID.
2023-08-23 21:19:54,406 [INFO]: Successfully fetched words from the website, https://random-word-api.herokuapp.com/word.
2023-08-23 21:20:35,002 [INFO]: User alredy exists with the same email. Returning existing ID.
2023-08-23 21:20:39,649 [INFO]: Successfully fetched words from the website, https://random-word-api.herokuapp.com/word.
2023-08-23 21:20:40,091 [INFO]: User alredy exists with the same email. Returning existing ID.
2023-08-23 21:30:41,750 [INFO]: Successfully fetched words from the website, https://random-word-api.herokuapp.com/word.
2023-08-23 21:30:43,747 [INFO]: User alredy exists with the same email. Returning existing ID.
2023-08-23 21:35:36,747 [INFO]: Successfully fetched words from the website, https://random-word-api.herokuapp.com/word.
2023-08-23 21:35:38,667 [INFO]: User alredy exists with the same email. Returning existing ID.
2023-08-23 21:36:32,712 [INFO]: Successfully fetched words from the website, https://random-word-api.herokuapp.com/word.
2023-08-23 21:36:34,267 [INFO]: User alredy exists with the same email. Returning existing ID.
2023-08-23 21:37:30,553 [INFO]: Successfully fetched words from the website, https://random-word-api.herokuapp.com/word.
2023-08-23 21:37:31,997 [INFO]: User alredy exists with the same email. Returning existing ID.
2023-08-23 21:51:30,851 [INFO]: Successfully fetched words from the website, https://random-word-api.herokuapp.com/word.
2023-08-23 21:51:32,955 [INFO]: User alredy exists with the same email. Returning existing ID.
2023-08-23 21:54:17,309 [INFO]: Successfully fetched words from the website, https://random-word-api.herokuapp.com/word.
2023-08-23 21:54:21,575 [INFO]: User alredy exists with the same email. Returning existing ID.
2023-08-23 21:57:32,966 [INFO]: Successfully fetched words from the website, https://random-word-api.herokuapp.com/word.
2023-08-23 21:57:34,300 [INFO]: User alredy exists with the same email. Returning existing ID.
2023-08-23 21:58:14,123 [INFO]: Successfully fetched words from the website, https://random-word-api.herokuapp.com/word.
2023-08-23 22:02:42,096 [INFO]: Successfully fetched words from the website, https://random-word-api.herokuapp.com/word.
2023-08-23 22:02:43,326 [INFO]: User alredy exists with the same email. Returning existing ID.
2023-08-23 22:04:02,570 [INFO]: Successfully fetched words from the website, https://random-word-api.herokuapp.com/word.
2023-08-23 22:04:04,862 [INFO]: User alredy exists with the same email. Returning existing ID.
2023-08-24 18:02:34,483 [INFO]: Successfully fetched words from the website, https://random-word-api.herokuapp.com/word.
2023-08-24 18:02:36,573 [INFO]: User alredy exists with the same email. Returning existing ID.
2023-08-24 19:56:22,036 [INFO]: Successfully fetched words from the website, https://random-word-api.herokuapp.com/word.
2023-08-24 19:56:23,870 [INFO]: User alredy exists with the same email. Returning existing ID.
2023-08-24 20:08:36,674 [INFO]: Successfully fetched words from the website, https://random-word-api.herokuapp.com/word.
2023-08-24 20:08:38,347 [INFO]: User alredy exists with the same email. Returning existing ID.
2023-08-24 20:09:02,995 [INFO]: Successfully fetched words from the website, https://random-word-api.herokuapp.com/word.
2023-08-24 20:09:05,052 [INFO]: User alredy exists with the same email. Returning existing ID.
2023-08-24 20:39:38,036 [INFO]: Successfully fetched words from the website, https://random-word-api.herokuapp.com/word.
2023-08-24 20:39:39,413 [INFO]: User alredy exists with the same email. Returning existing ID.
2023-08-24 20:55:37,752 [INFO]: Successfully fetched words from the website, https://random-word-api.herokuapp.com/word.
2023-08-24 20:55:39,392 [INFO]: User alredy exists with the same email. Returning existing ID.
2023-08-24 21:05:23,522 [INFO]: Successfully fetched words from the website, https://random-word-api.herokuapp.com/word.
2023-08-24 21:05:27,255 [INFO]: User alredy exists with the same email. Returning existing ID.
2023-08-24 21:42:45,275 [INFO]: Successfully fetched words from the website, https://random-word-api.herokuapp.com/word.
2023-08-24 21:42:49,253 [INFO]: User alredy exists with the same email. Returning existing ID.
2023-08-24 21:46:03,589 [INFO]: Successfully fetched words from the website, https://random-word-api.herokuapp.com/word.
2023-08-24 21:46:08,538 [INFO]: User alredy exists with the same email. Returning existing ID.
2023-08-24 21:50:25,175 [INFO]: Successfully fetched words from the website, https://random-word-api.herokuapp.com/word.
2023-08-24 21:50:27,161 [INFO]: User alredy exists with the same email. Returning existing ID.
2023-08-24 21:51:45,274 [INFO]: Successfully fetched words from the website, https://random-word-api.herokuapp.com/word.
2023-08-24 21:51:51,811 [INFO]: User alredy exists with the same email. Returning existing ID.
2023-08-24 21:53:55,156 [INFO]: Successfully fetched words from the website, https://random-word-api.herokuapp.com/word.
2023-08-24 21:53:56,663 [INFO]: User alredy exists with the same email. Returning existing ID.
2023-08-24 22:06:35,973 [INFO]: Successfully fetched words from the website, https://random-word-api.herokuapp.com/word.
2023-08-24 22:09:31,498 [INFO]: Successfully fetched words from the website, https://random-word-api.herokuapp.com/word.
2023-08-26 14:34:44,125 [INFO]: Successfully fetched words from the website, https://random-word-api.herokuapp.com/word.
2023-08-26 14:34:45,956 [INFO]: User alredy exists with the same email. Returning existing ID.
2023-08-26 14:35:17,450 [INFO]: Successfully fetched words from the website, https://random-word-api.herokuapp.com/word.
2023-08-26 14:35:27,854 [INFO]: User alredy exists with the same email. Returning existing ID.
2023-08-26 16:42:59,807 [INFO]: Successfully fetched words from the website, https://random-word-api.herokuapp.com/word.
2023-08-26 16:45:00,077 [INFO]: Successfully fetched words from the website, https://random-word-api.herokuapp.com/word.
2023-08-26 16:45:03,429 [INFO]: User alredy exists with the same email. Returning existing ID.
2023-08-26 16:45:03,429 [INFO]: User alredy exists with the same email. Returning existing ID.
2023-08-26 16:53:41,894 [INFO]: Successfully fetched words from the website, https://random-word-api.herokuapp.com/word.
2023-08-26 16:53:45,352 [INFO]: User alredy exists with the same email. Returning existing ID.
2023-08-26 17:01:06,285 [INFO]: Successfully fetched words from the website, https://random-word-api.herokuapp.com/word.
2023-08-26 17:01:06,290 [INFO]: User alredy exists with the same email. Returning existing ID.
2023-08-26 17:01:06,290 [INFO]: User alredy exists with the same email. Returning existing ID.
2023-08-26 17:09:38,144 [INFO]: Successfully fetched words from the website, https://random-word-api.herokuapp.com/word.
2023-08-26 17:19:19,701 [INFO]: Successfully fetched words from the website, https://random-word-api.herokuapp.com/word.
2023-08-26 17:25:41,151 [INFO]: Successfully fetched words from the website, https://random-word-api.herokuapp.com/word.
2023-08-26 17:40:19,425 [INFO]: Successfully fetched words from the website, https://random-word-api.herokuapp.com/word.
2023-08-26 17:40:23,548 [INFO]: User alredy exists with the same email. Returning existing ID.
2023-08-26 17:40:23,548 [INFO]: User alredy exists with the same email. Returning existing ID.
2023-08-26 17:41:07,072 [INFO]: Successfully fetched words from the website, https://random-word-api.herokuapp.com/word.
2023-08-26 17:41:09,925 [INFO]: User alredy exists with the same email. Returning existing ID.
2023-08-26 17:41:09,925 [INFO]: User alredy exists with the same email. Returning existing ID.
2023-08-26 17:44:46,590 [INFO]: Successfully fetched words from the website, https://random-word-api.herokuapp.com/word.
2023-08-26 17:44:49,274 [INFO]: User alredy exists with the same email. Returning existing ID.
2023-08-26 17:44:49,275 [INFO]: User alredy exists with the same email. Returning existing ID.
2023-08-26 17:53:00,127 [INFO]: Successfully fetched words from the website, https://random-word-api.herokuapp.com/word.
2023-08-26 17:53:13,025 [INFO]: User alredy exists with the same email. Returning existing ID.
2023-08-26 17:53:13,025 [INFO]: User alredy exists with the same email. Returning existing ID.
2023-08-26 17:56:25,338 [INFO]: Successfully fetched words from the website, https://random-word-api.herokuapp.com/word.
2023-08-26 17:56:35,983 [INFO]: User alredy exists with the same email. Returning existing ID.
2023-08-26 17:56:35,984 [INFO]: User alredy exists with the same email. Returning existing ID.
2023-08-26 18:01:22,485 [INFO]: Successfully fetched words from the website, https://random-word-api.herokuapp.com/word.
2023-08-26 18:01:22,491 [INFO]: User alredy exists with the same email. Returning existing ID.
2023-08-26 18:01:22,492 [INFO]: User alredy exists with the same email. Returning existing ID.
2023-08-26 18:05:02,695 [INFO]: Successfully fetched words from the website, https://random-word-api.herokuapp.com/word.
2023-08-26 18:05:05,623 [INFO]: User alredy exists with the same email. Returning existing ID.
2023-08-26 18:05:05,624 [INFO]: User alredy exists with the same email. Returning existing ID.
2023-08-26 18:14:06,032 [INFO]: Successfully fetched words from the website, https://random-word-api.herokuapp.com/word.
2023-08-26 18:14:10,996 [INFO]: User alredy exists with the same email. Returning existing ID.
2023-08-26 18:14:10,997 [INFO]: User alredy exists with the same email. Returning existing ID.
2023-08-26 18:21:50,254 [INFO]: Successfully fetched words from the website, https://random-word-api.herokuapp.com/word.
2023-08-26 18:22:49,446 [INFO]: Successfully fetched words from the website, https://random-word-api.herokuapp.com/word.
2023-08-26 18:22:49,449 [INFO]: ['dolphinfishes']
2023-08-26 18:25:13,940 [INFO]: Successfully fetched words from the website, https://random-word-api.herokuapp.com/word.
2023-08-26 18:25:13,943 [INFO]: ['baleens', 'arnatto', 'retaker', 'hobbler', 'noumena', 'windups', 'seagirt', 'westing', 'nymphal', 'orbited']
2023-08-26 18:27:34,902 [INFO]: User alredy exists with the same email. Returning existing ID.
2023-08-26 18:27:34,902 [INFO]: User alredy exists with the same email. Returning existing ID.
2023-08-26 19:20:10,494 [INFO]: Successfully fetched words from the website, https://random-word-api.herokuapp.com/word.
2023-08-26 19:20:10,497 [INFO]: ['phencyclidines', 'peripheral', 'respect', 'bioplasm', 'chaplaincy', 'intumesce', 'ditzes', 'tripacks', 'hemin', 'withoutdoors']
2023-08-26 19:20:13,565 [INFO]: User alredy exists with the same email. Returning existing ID.
2023-08-26 19:20:13,566 [INFO]: User alredy exists with the same email. Returning existing ID.
2023-08-26 19:25:04,789 [INFO]: Successfully fetched words from the website, https://random-word-api.herokuapp.com/word.
2023-08-26 19:25:04,793 [INFO]: ['antherid', 'rigaudons', 'platesful', 'caballero', 'overregulating', 'postseasons', 'glueynesses', 'malanders', 'volkslieder', 'fanatic']
2023-08-26 19:25:11,140 [INFO]: User alredy exists with the same email. Returning existing ID.
2023-08-26 19:30:39,453 [INFO]: Successfully fetched words from the website, https://random-word-api.herokuapp.com/word.
2023-08-26 19:30:39,456 [INFO]: ['enriching', 'outmanipulate', 'flurries', 'blogger', 'photojournalism', 'cushiest', 'rubbernecks', 'basidia', 'bellbird', 'moustaches']
2023-08-26 19:30:43,925 [INFO]: User alredy exists with the same email. Returning existing ID.
2023-08-26 19:30:59,627 [INFO]: Successfully fetched words from the website, https://random-word-api.herokuapp.com/word.
2023-08-26 19:30:59,630 [INFO]: ['driblets', 'globosely', 'goaltenders', 'everywomen', 'nonstick', 'recorders', 'tetragonally', 'conciseness', 'exteroceptive', 'brinks']
2023-08-26 19:31:04,838 [INFO]: User alredy exists with the same email. Returning existing ID.
2023-08-26 19:31:04,839 [INFO]: User alredy exists with the same email. Returning existing ID.
2023-08-26 19:37:03,655 [INFO]: Successfully fetched words from the website, https://random-word-api.herokuapp.com/word.
2023-08-26 19:37:03,657 [INFO]: ['narcotized', 'belladonna', 'hotchpots', 'coincidentally', 'precensored', 'streakings', 'folios', 'conjunctive', 'submerge', 'cloister']
2023-08-26 19:37:05,852 [INFO]: User alredy exists with the same email. Returning existing ID.
2023-08-26 19:37:54,897 [INFO]: Successfully fetched words from the website, https://random-word-api.herokuapp.com/word.
2023-08-26 19:37:54,899 [INFO]: ['disentangle', 'superannuates', 'philosophes', 'ergonovine', 'inadvertent', 'valses', 'premenstrual', 'smutchiest', 'sold', 'cohostessed']
2023-08-26 19:37:56,955 [INFO]: User alredy exists with the same email. Returning existing ID.
2023-08-26 19:38:41,515 [INFO]: Successfully fetched words from the website, https://random-word-api.herokuapp.com/word.
2023-08-26 19:38:41,518 [INFO]: ['outpaint', 'authoritarian', 'timely', 'bookmobile', 'inoculated', 'faintish', 'oleines', 'foreland', 'ataman', 'bumpkins']
2023-08-26 19:38:43,517 [INFO]: User alredy exists with the same email. Returning existing ID.
2023-08-26 19:38:43,518 [INFO]: User alredy exists with the same email. Returning existing ID.
2023-08-26 19:39:20,441 [INFO]: Successfully fetched words from the website, https://random-word-api.herokuapp.com/word.
2023-08-26 19:39:20,443 [INFO]: ['nonwage', 'televising', 'craniofacial', 'unblemished', 'asexualities', 'lees', 'mesclun', 'advection', 'supplemental', 'trinucleotides']
2023-08-26 19:39:23,049 [INFO]: User alredy exists with the same email. Returning existing ID.
2023-08-26 19:39:23,049 [INFO]: User alredy exists with the same email. Returning existing ID.
2023-08-26 19:39:37,583 [INFO]: Successfully fetched words from the website, https://random-word-api.herokuapp.com/word.
2023-08-26 19:39:37,586 [INFO]: ['discography', 'yeasayers', 'northwesters', 'clinkering', 'antieducational', 'debouches', 'firmers', 'sithens', 'praetors', 'eek']
2023-08-26 19:39:43,192 [INFO]: User alredy exists with the same email. Returning existing ID.
2023-08-26 19:40:22,755 [INFO]: Successfully fetched words from the website, https://random-word-api.herokuapp.com/word.
2023-08-26 19:40:22,758 [INFO]: ['fellows', 'wildish', 'footrests', 'herries', 'antiphons', 'soapberry', 'stockfishes', 'tensest', 'subsurfaces', 'overservices']
2023-08-26 19:40:27,250 [INFO]: User alredy exists with the same email. Returning existing ID.
2023-08-26 19:40:27,250 [INFO]: {'id': 19, 'name': 'bi', 'exists': True}
2023-08-26 19:41:20,403 [INFO]: Successfully fetched words from the website, https://random-word-api.herokuapp.com/word.
2023-08-26 19:41:20,405 [INFO]: ['nonemergency', 'revivalisms', 'upheaps', 'bods', 'reductions', 'appear', 'authoritarian', 'scorifiers', 'artworks', 'motivations']
2023-08-26 19:43:10,702 [INFO]: Successfully fetched words from the website, https://random-word-api.herokuapp.com/word.
2023-08-26 19:43:10,705 [INFO]: ['ossicular', 'interceders', 'whinged', 'gunner', 'enumerators', 'scummily', 'transhumance', 'bethorning', 'extramural', 'sextupling']
2023-08-26 19:43:14,989 [INFO]: None
2023-08-26 19:43:15,062 [INFO]: (20, 'ernytbne')
2023-08-26 19:43:15,063 [INFO]: User alredy exists with the same email. Returning existing ID.
2023-08-26 19:43:15,063 [INFO]: {'id': 20, 'name': 'ernytbne', 'exists': True}
2023-08-26 19:46:02,318 [INFO]: Successfully fetched words from the website, https://random-word-api.herokuapp.com/word.
2023-08-26 19:46:02,322 [INFO]: ['somnolent', 'undue', 'conchoidal', 'cleanability', 'trotter', 'botanica', 'browsers', 'viscosimeters', 'organochlorine', 'lifeboat']
2023-08-26 19:46:05,129 [INFO]: None
2023-08-26 19:46:17,395 [INFO]: Successfully fetched words from the website, https://random-word-api.herokuapp.com/word.
2023-08-26 19:46:17,398 [INFO]: ['nondrinkers', 'cannibalisms', 'nonvocational', 'blowsily', 'percolation', 'parer', 'representatives', 'paganize', 'messan', 'ritual']
2023-08-26 19:46:20,200 [INFO]: (17, 'b')
2023-08-26 19:46:20,201 [INFO]: User alredy exists with the same email. Returning existing ID.
2023-08-28 10:05:27,983 [INFO]: Successfully fetched words from the website, https://random-word-api.herokuapp.com/word.
2023-08-28 10:05:27,984 [INFO]: ['derivation', 'alembic', 'semidiameter', 'tilings', 'nondeposition', 'somnambulant', 'marksmen', 'foramens', 'campstool', 'stereopses']
2023-08-28 10:05:30,502 [INFO]: (17, 'b')
2023-08-28 10:05:30,502 [INFO]: User alredy exists with the same email. Returning existing ID.
2023-08-28 10:10:41,552 [INFO]: None
2023-08-28 10:10:41,559 [INFO]: (22, 'John')
2023-08-28 10:10:41,559 [INFO]: User alredy exists with the same email. Returning existing ID.
2023-08-28 10:13:32,143 [INFO]: (22, 'John')
2023-08-28 10:13:32,143 [INFO]: User alredy exists with the same email. Returning existing ID.
2023-08-28 10:13:32,145 [INFO]: (22, 'John')
2023-08-28 10:13:32,145 [INFO]: User alredy exists with the same email. Returning existing ID.
2023-08-28 10:17:47,624 [INFO]: (22, 'John')
2023-08-28 10:17:47,624 [INFO]: User alredy exists with the same email. Returning existing ID.
2023-08-28 10:17:47,626 [INFO]: (22, 'John')
2023-08-28 10:17:47,626 [INFO]: User alredy exists with the same email. Returning existing ID.
2023-08-28 10:18:34,113 [INFO]: None
2023-08-28 10:18:34,122 [INFO]: (22, 'John')
2023-08-28 10:18:34,122 [INFO]: User alredy exists with the same email. Returning existing ID.
2023-08-28 10:19:05,072 [INFO]: None
2023-08-28 10:19:05,079 [INFO]: (22, 'John')
2023-08-28 10:19:05,079 [INFO]: User alredy exists with the same email. Returning existing ID.
2023-08-28 10:21:29,408 [INFO]: (24, 'Jan')
2023-08-28 10:21:29,408 [INFO]: User alredy exists with the same email. Returning existing ID.
2023-08-28 10:21:29,410 [INFO]: (22, 'John')
2023-08-28 10:21:29,410 [INFO]: User alredy exists with the same email. Returning existing ID.
2023-08-28 10:22:16,800 [INFO]: (23, 'John')
2023-08-28 10:22:16,800 [INFO]: User alredy exists with the same email. Returning existing ID.
2023-08-28 10:22:16,802 [INFO]: (22, 'John')
2023-08-28 10:22:16,802 [INFO]: User alredy exists with the same email. Returning existing ID.
2023-08-28 10:25:08,679 [INFO]: (23, 'John')
2023-08-28 10:25:08,679 [INFO]: User alredy exists with the same email. Returning existing ID.
2023-08-28 10:25:29,846 [INFO]: (23, 'John')
2023-08-28 10:25:29,846 [INFO]: User alredy exists with the same email. Returning existing ID.
2023-08-28 10:25:52,065 [INFO]: (23, 'John')
2023-08-28 10:25:52,065 [INFO]: User alredy exists with the same email. Returning existing ID.
2023-08-28 10:26:11,412 [INFO]: (23, 'John')
2023-08-28 10:26:11,412 [INFO]: User alredy exists with the same email. Returning existing ID.
2023-08-28 10:27:21,229 [INFO]: (23, 'John')
2023-08-28 10:27:21,229 [INFO]: User alredy exists with the same email. Returning existing ID.
2023-08-28 10:28:15,823 [INFO]: (23, 'John')
2023-08-28 10:28:15,823 [INFO]: User alredy exists with the same email. Returning existing ID.
2023-08-28 10:29:20,804 [INFO]: (23, 'John')
2023-08-28 10:29:20,804 [INFO]: User alredy exists with the same email. Returning existing ID.
2023-08-28 10:30:20,470 [INFO]: (23, 'John')
2023-08-28 10:30:20,470 [INFO]: User alredy exists with the same email. Returning existing ID.
2023-08-28 10:32:20,088 [INFO]: (23, 'John')
2023-08-28 10:32:20,088 [INFO]: User alredy exists with the same email. Returning existing ID.
2023-08-28 10:33:40,088 [INFO]: (23, 'John')
2023-08-28 10:33:40,088 [INFO]: User alredy exists with the same email. Returning existing ID.
2023-08-28 10:34:24,330 [INFO]: (23, 'John')
2023-08-28 10:34:24,330 [INFO]: User alredy exists with the same email. Returning existing ID.
2023-08-28 10:34:32,783 [INFO]: (23, 'John')
2023-08-28 10:34:32,783 [INFO]: User alredy exists with the same email. Returning existing ID.
2023-08-28 10:34:42,656 [INFO]: (23, 'John')
2023-08-28 10:34:42,656 [INFO]: User alredy exists with the same email. Returning existing ID.
2023-08-28 10:34:56,057 [INFO]: (23, 'John')
2023-08-28 10:34:56,057 [INFO]: User alredy exists with the same email. Returning existing ID.
2023-08-28 10:35:26,935 [INFO]: (23, 'John')
2023-08-28 10:35:26,935 [INFO]: User alredy exists with the same email. Returning existing ID.
2023-08-28 10:38:47,874 [INFO]: None
2023-08-28 10:43:12,655 [INFO]: None
2023-08-28 10:43:46,271 [INFO]: None
2023-08-28 10:44:57,885 [INFO]: None
2023-08-28 10:46:51,337 [INFO]: None
2023-08-28 10:47:24,139 [INFO]: None
2023-08-28 10:48:36,191 [INFO]: Successfully fetched words from the website, https://random-word-api.herokuapp.com/word.
2023-08-28 10:48:36,193 [INFO]: ['chincapin', 'illusionistic', 'demythologize', 'angrily', 'resubmissions', 'unshrunk', 'dree', 'flailing', 'darnedest', 'ambulatories']
2023-08-28 10:48:50,157 [INFO]: None
2023-08-28 10:50:36,250 [INFO]: Successfully fetched words from the website, https://random-word-api.herokuapp.com/word.
2023-08-28 10:50:36,251 [INFO]: ['barter', 'zesting', 'infers', 'tailraces', 'represses', 'gluttonies', 'pursuable', 'loudliest', 'catatonic', 'transitiveness']
2023-08-28 10:51:09,528 [INFO]: (2, 'Mantas')
2023-08-28 10:51:09,529 [INFO]: User alredy exists with the same email. Returning existing ID.
2023-08-28 10:52:53,825 [INFO]: Successfully fetched words from the website, https://random-word-api.herokuapp.com/word.
2023-08-28 10:52:53,827 [INFO]: ['enlargements', 'outflanks', 'symptomatology', 'fanaticizes', 'publicists', 'peaks', 'scrupulosity', 'broiderer', 'presentient', 'suiters']
2023-08-28 10:53:08,523 [INFO]: None
2023-08-28 10:57:11,208 [INFO]: None
2023-08-28 10:58:35,732 [INFO]: None
2023-08-28 10:59:55,591 [INFO]: None
2023-08-28 11:19:48,018 [INFO]: Successfully fetched words from the website, https://random-word-api.herokuapp.com/word.
2023-08-28 11:19:48,020 [INFO]: ['spotless', 'protopathic', 'wieldable', 'trifocal', 'unbended', 'bollards', 'sassily', 'effortless', 'meager', 'penumbral']
2023-08-28 11:20:21,231 [INFO]: None
2023-08-28 11:22:16,260 [INFO]: Successfully fetched words from the website, https://random-word-api.herokuapp.com/word.
2023-08-28 11:22:16,262 [INFO]: ['deductibility', 'refloating', 'euglobulins', 'petty', 'salary', 'lixiviating', 'achievers', 'reendowing', 'bubus', 'seamanship']
2023-08-28 11:22:34,467 [INFO]: (2, 'Mantas')
2023-08-28 11:23:06,445 [INFO]: Successfully fetched words from the website, https://random-word-api.herokuapp.com/word.
2023-08-28 11:23:06,446 [INFO]: ['bungle', 'wearinesses', 'dovishnesses', 'anagenesis', 'blastomeres', 'motorbusses', 'outsleeps', 'doty', 'vested', 'grazed']
2023-08-28 11:23:19,069 [INFO]: (2, 'Mantas')
2023-08-28 11:23:19,069 [INFO]: User alredy exists with the same email. Returning existing ID.
2023-08-28 11:23:40,720 [INFO]: Successfully fetched words from the website, https://random-word-api.herokuapp.com/word.
2023-08-28 11:23:40,722 [INFO]: ['shoaled', 'punning', 'unshed', 'scarting', 'valve', 'affaire', 'sterols', 'shiitakes', 'outstating', 'renewer']
2023-08-28 11:23:56,758 [INFO]: None
2023-08-28 16:48:42,330 [INFO]: Successfully fetched words from the website, https://random-word-api.herokuapp.com/word.
2023-08-28 16:48:42,332 [INFO]: ['outmaneuvered', 'barbwire', 'moonish', 'federacy', 'ruefully', 'eaglewoods', 'accenting', 'guacamoles', 'herbs', 'venetians']
2023-08-28 16:49:16,169 [INFO]: Nonev
2023-08-28 16:51:49,264 [INFO]: Successfully fetched words from the website, https://random-word-api.herokuapp.com/word.
2023-08-28 16:51:49,266 [INFO]: ['smaller', 'rebutting', 'kitelike', 'zestfully', 'amortises', 'fribble', 'penna', 'disaffect', 'scuzzy', 'decortication']
2023-08-28 16:52:05,054 [INFO]: None
2023-08-28 16:56:20,305 [INFO]: Successfully fetched words from the website, https://random-word-api.herokuapp.com/word.
2023-08-28 16:56:20,306 [INFO]: ['presentimental', 'bewigs', 'abutted', 'spireas', 'bowsing', 'vocationalism', 'sacrum', 'dyspepsies', 'colonializing', 'plaques']
2023-08-28 16:56:37,853 [INFO]: (2, 'Mantas')
2023-08-28 16:56:37,853 [INFO]: User alredy exists with the same email. Returning existing ID.
